<?xml version="1.0" encoding="UTF-8"?>
<!-- Generated by org.testng.reporters.JUnitReportReporter -->
<testsuite skipped="0" hostname="Jagadeesh" name="org.test.Sample" tests="3" failures="0" timestamp="16 Mar 2022 04:57:31 GMT" time="3.595" errors="0">
  <testcase name="test1" time="0.832" classname="org.test.Sample"/>
  <testcase name="test2" time="2.042" classname="org.test.Sample"/>
  <testcase name="test3" time="0.721" classname="org.test.Sample"/>
</testsuite> <!-- org.test.Sample -->
