<?xml version="1.0" encoding="UTF-8"?>
<!-- Generated by org.testng.reporters.JUnitReportReporter -->
<testsuite skipped="0" hostname="Jagadeesh" name="org.test.Flipkart" tests="2" failures="0" timestamp="17 Mar 2022 17:35:19 GMT" time="96.915" errors="0">
  <testcase name="test1" time="13.703" classname="org.test.Flipkart"/>
  <testcase name="test3" time="83.212" classname="org.test.Flipkart"/>
</testsuite> <!-- org.test.Flipkart -->
