<?xml version="1.0" encoding="UTF-8"?>
<!-- Generated by org.testng.reporters.JUnitReportReporter -->
<testsuite skipped="0" hostname="Jagadeesh" name="org.test.Sample" tests="3" failures="0" timestamp="15 Mar 2022 19:41:33 GMT" time="4.453" errors="0">
  <testcase name="test3" time="0.739" classname="org.test.Sample"/>
  <testcase name="test1" time="0.981" classname="org.test.Sample"/>
  <testcase name="test2" time="2.733" classname="org.test.Sample"/>
</testsuite> <!-- org.test.Sample -->
