<?xml version="1.0" encoding="UTF-8"?>
<!-- Generated by org.testng.reporters.JUnitReportReporter -->
<testsuite skipped="1" hostname="Jagadeesh" name="org.test.Flipkart" tests="3" failures="0" timestamp="16 Mar 2022 14:23:56 GMT" time="97.246" errors="0">
  <testcase name="test3" time="82.914" classname="org.test.Flipkart"/>
  <testcase name="test1" time="14.332" classname="org.test.Flipkart"/>
  <testcase name="test2" classname="org.test.Flipkart">
    <skipped/>
  </testcase> <!-- test2 -->
</testsuite> <!-- org.test.Flipkart -->
