<?xml version="1.0" encoding="UTF-8"?>
<!-- Generated by org.testng.reporters.JUnitReportReporter -->
<testsuite skipped="0" hostname="Jagadeesh" name="org.test.Sample" tests="3" failures="0" timestamp="17 Mar 2022 16:42:17 GMT" time="4.022" errors="0">
  <testcase name="test3" time="0.658" classname="org.test.Sample"/>
  <testcase name="test1" time="0.712" classname="org.test.Sample"/>
  <testcase name="test2" time="2.652" classname="org.test.Sample"/>
</testsuite> <!-- org.test.Sample -->
